#
# There is insufficient memory for the Java Runtime Environment to continue.
# Native memory allocation (mmap) failed to map 132120576 bytes for Failed to commit area from 0x0000000082200000 to 0x000000008a000000 of length 132120576.
# Possible reasons:
#   The system is out of physical RAM or swap space
#   The process is running with CompressedOops enabled, and the Java Heap may be blocking the growth of the native heap
# Possible solutions:
#   Reduce memory load on the system
#   Increase physical memory or swap space
#   Check if swap backing store is full
#   Decrease Java heap size (-Xmx/-Xms)
#   Decrease number of Java threads
#   Decrease Java thread stack sizes (-Xss)
#   Set larger code cache with -XX:ReservedCodeCacheSize=
# This output file may be truncated or incomplete.
#
#  Out of Memory Error (t:/workspace/open/src/hotspot/os/windows/os_windows.cpp:3301), pid=668, tid=14248
#
# JRE version:  (13.0.2+8) (build )
# Java VM: Java HotSpot(TM) 64-Bit Server VM (13.0.2+8, mixed mode, sharing, tiered, compressed oops, g1 gc, windows-amd64)
# No core dump will be written. Minidumps are not enabled by default on client versions of Windows
#

---------------  S U M M A R Y ------------

Command Line: -agentlib:jdwp=transport=dt_socket,address=127.0.0.1:6597,suspend=y,server=n -javaagent:C:\Users\Angel\.IdeaIC2019.3\system\captureAgent\debugger-agent.jar -Dfile.encoding=UTF-8 Crossfire

Host: Intel(R) Core(TM) i5-8300H CPU @ 2.30GHz, 8 cores, 7G,  Windows 10 , 64 bit Build 18362 (10.0.18362.1082)
Time: Fri Oct  2 13:57:14 2020 FLE Daylight Time elapsed time: 0 seconds (0d 0h 0m 0s)

---------------  T H R E A D  ---------------

Current thread (0x000001b3d005c800):  JavaThread "Unknown thread" [_thread_in_vm, id=14248, stack(0x0000007a45800000,0x0000007a45900000)]

Stack: [0x0000007a45800000,0x0000007a45900000]
Native frames: (J=compiled Java code, j=interpreted, Vv=VM code, C=native code)
V  [jvm.dll+0x624f9a]
V  [jvm.dll+0x770cfa]
V  [jvm.dll+0x7724af]
V  [jvm.dll+0x772ab3]
V  [jvm.dll+0x24bf08]
V  [jvm.dll+0x6222aa]
V  [jvm.dll+0x6170b5]
V  [jvm.dll+0x30a88c]
V  [jvm.dll+0x30a6c2]
V  [jvm.dll+0x30fe36]
V  [jvm.dll+0x353f46]
V  [jvm.dll+0x353720]
V  [jvm.dll+0x2e550a]
V  [jvm.dll+0x2e67a2]
V  [jvm.dll+0x74dd78]
V  [jvm.dll+0x361989]
V  [jvm.dll+0x730e65]
V  [jvm.dll+0x3cc53f]
V  [jvm.dll+0x3ce861]
C  [jli.dll+0x51ff]
C  [ucrtbase.dll+0x20e82]
C  [KERNEL32.DLL+0x17bd4]
C  [ntdll.dll+0x6ce51]


---------------  P R O C E S S  ---------------

Threads class SMR info:
_java_thread_list=0x00007ffa0ed0ccb8, length=0, elements={
}

Java Threads: ( => current thread )

Other Threads:
  0x000001b3d00a0000 GCTaskThread "GC Thread#0" [stack: 0x0000007a45900000,0x0000007a45a00000] [id=1424]
  0x000001b3d00b1800 ConcurrentGCThread "G1 Main Marker" [stack: 0x0000007a45a00000,0x0000007a45b00000] [id=4160]
  0x000001b3d00b3000 ConcurrentGCThread "G1 Conc#0" [stack: 0x0000007a45b00000,0x0000007a45c00000] [id=5372]

[error occurred during error reporting (printing all threads), id 0xc0000005, EXCEPTION_ACCESS_VIOLATION (0xc0000005) at pc=0x00007ffa0e5451d7]

VM state:not at safepoint (not fully initialized)

VM Mutex/Monitor currently owned by a thread:  ([mutex/lock_event])
[0x000001b3d0059ef0] Heap_lock - owner thread: 0x000001b3d005c800

Heap address: 0x0000000082200000, size: 2014 MB, Compressed Oops mode: Non-zero based: 0x0000000082200000
Narrow klass base: 0x0000000000000000, Narrow klass shift: 0

GC Heap History (0 events):
No events

Deoptimization events (0 events):
No events

Classes unloaded (0 events):
No events

Classes redefined (0 events):
No events

Internal exceptions (0 events):
No events

Events (2 events):
Event: 0.018 Loaded shared library C:\Program Files\Java\jdk-13.0.2\bin\zip.dll
Event: 0.019 Loaded shared library C:\Program Files\Java\jdk-13.0.2\bin\jimage.dll


Dynamic libraries:
0x00007ff604370000 - 0x00007ff60437f000 	C:\Program Files\Java\jdk-13.0.2\bin\java.exe
0x00007ffa5f380000 - 0x00007ffa5f570000 	C:\WINDOWS\SYSTEM32\ntdll.dll
0x00007ffa5db00000 - 0x00007ffa5dbb2000 	C:\WINDOWS\System32\KERNEL32.DLL
0x00007ffa5cbe0000 - 0x00007ffa5ce85000 	C:\WINDOWS\System32\KERNELBASE.dll
0x00007ffa5ce90000 - 0x00007ffa5cf8a000 	C:\WINDOWS\System32\ucrtbase.dll
0x00007ffa46230000 - 0x00007ffa46245000 	C:\Program Files\Java\jdk-13.0.2\bin\VCRUNTIME140.dll
0x00007ffa423d0000 - 0x00007ffa423e8000 	C:\Program Files\Java\jdk-13.0.2\bin\jli.dll
0x00007ffa5e510000 - 0x00007ffa5e5b3000 	C:\WINDOWS\System32\ADVAPI32.dll
0x00007ffa5ded0000 - 0x00007ffa5df6e000 	C:\WINDOWS\System32\msvcrt.dll
0x00007ffa5e3a0000 - 0x00007ffa5e437000 	C:\WINDOWS\System32\sechost.dll
0x00007ffa5ea30000 - 0x00007ffa5eb50000 	C:\WINDOWS\System32\RPCRT4.dll
0x00007ffa5e120000 - 0x00007ffa5e2b5000 	C:\WINDOWS\System32\USER32.dll
0x00007ffa492f0000 - 0x00007ffa49574000 	C:\WINDOWS\WinSxS\amd64_microsoft.windows.common-controls_6595b64144ccf1df_6.0.18362.1082_none_9e8193e1e45b25c1\COMCTL32.dll
0x00007ffa5d010000 - 0x00007ffa5d031000 	C:\WINDOWS\System32\win32u.dll
0x00007ffa5e5c0000 - 0x00007ffa5e8f5000 	C:\WINDOWS\System32\combase.dll
0x00007ffa5e0e0000 - 0x00007ffa5e106000 	C:\WINDOWS\System32\GDI32.dll
0x00007ffa5d040000 - 0x00007ffa5d0c0000 	C:\WINDOWS\System32\bcryptPrimitives.dll
0x00007ffa5d0c0000 - 0x00007ffa5d256000 	C:\WINDOWS\System32\gdi32full.dll
0x00007ffa5d260000 - 0x00007ffa5d2fe000 	C:\WINDOWS\System32\msvcp_win.dll
0x00007ffa4f6c0000 - 0x00007ffa4f6ca000 	C:\WINDOWS\SYSTEM32\VERSION.dll
0x00007ffa5eb50000 - 0x00007ffa5eb7e000 	C:\WINDOWS\System32\IMM32.DLL
0x00007ffa34af0000 - 0x00007ffa34b8b000 	C:\Program Files\Java\jdk-13.0.2\bin\msvcp140.dll
0x00007ffa0e250000 - 0x00007ffa0edad000 	C:\Program Files\Java\jdk-13.0.2\bin\server\jvm.dll
0x00007ffa5dbc0000 - 0x00007ffa5dbc8000 	C:\WINDOWS\System32\PSAPI.DLL
0x00007ffa58670000 - 0x00007ffa58679000 	C:\WINDOWS\SYSTEM32\WSOCK32.dll
0x00007ffa59c70000 - 0x00007ffa59c94000 	C:\WINDOWS\SYSTEM32\WINMM.dll
0x00007ffa5dbd0000 - 0x00007ffa5dc3f000 	C:\WINDOWS\System32\WS2_32.dll
0x00007ffa597f0000 - 0x00007ffa5981d000 	C:\WINDOWS\SYSTEM32\WINMMBASE.dll
0x00007ffa5d330000 - 0x00007ffa5d37a000 	C:\WINDOWS\System32\cfgmgr32.dll
0x00007ffa5c2a0000 - 0x00007ffa5c2b1000 	C:\WINDOWS\System32\kernel.appcore.dll
0x00007ffa497b0000 - 0x00007ffa497c0000 	C:\Program Files\Java\jdk-13.0.2\bin\verify.dll
0x00007ffa5a9f0000 - 0x00007ffa5abe4000 	C:\WINDOWS\SYSTEM32\DBGHELP.DLL
0x00007ffa421b0000 - 0x00007ffa421da000 	C:\WINDOWS\SYSTEM32\dbgcore.DLL
0x00007ffa34ac0000 - 0x00007ffa34ae6000 	C:\Program Files\Java\jdk-13.0.2\bin\java.dll
0x00007ffa2bb50000 - 0x00007ffa2bb88000 	C:\Program Files\Java\jdk-13.0.2\bin\jdwp.dll
0x00007ffa585d0000 - 0x00007ffa585de000 	C:\Program Files\Java\jdk-13.0.2\bin\instrument.dll
0x00007ffa423b0000 - 0x00007ffa423c7000 	C:\Program Files\Java\jdk-13.0.2\bin\zip.dll
0x00007ffa49740000 - 0x00007ffa4974a000 	C:\Program Files\Java\jdk-13.0.2\bin\jimage.dll

dbghelp: loaded successfully - version: 4.0.5 - missing functions: none
symbol engine: initialized successfully - sym options: 0x614 - pdb path: .;C:\Program Files\Java\jdk-13.0.2\bin;C:\WINDOWS\SYSTEM32;C:\WINDOWS\WinSxS\amd64_microsoft.windows.common-controls_6595b64144ccf1df_6.0.18362.1082_none_9e8193e1e45b25c1;C:\Program Files\Java\jdk-13.0.2\bin\server

VM Arguments:
jvm_args: -agentlib:jdwp=transport=dt_socket,address=127.0.0.1:6597,suspend=y,server=n -javaagent:C:\Users\Angel\.IdeaIC2019.3\system\captureAgent\debugger-agent.jar -Dfile.encoding=UTF-8 
java_command: Crossfire
java_class_path (initial): D:\SoftUni\MultidimensionalArrays\out\production\MultidimensionalArrays;C:\Program Files\JetBrains\IntelliJ IDEA Community Edition 2019.3.2\lib\idea_rt.jar
Launcher Type: SUN_STANDARD

[Global flags]
     intx CICompilerCount                          = 4                                         {product} {ergonomic}
     uint ConcGCThreads                            = 2                                         {product} {ergonomic}
     uint G1ConcRefinementThreads                  = 8                                         {product} {ergonomic}
   size_t G1HeapRegionSize                         = 1048576                                   {product} {ergonomic}
    uintx GCDrainStackTargetSize                   = 64                                        {product} {ergonomic}
   size_t InitialHeapSize                          = 132120576                                 {product} {ergonomic}
   size_t MarkStackSize                            = 4194304                                   {product} {ergonomic}
   size_t MaxHeapSize                              = 2111832064                                {product} {ergonomic}
   size_t MinHeapDeltaBytes                        = 1048576                                   {product} {ergonomic}
   size_t MinHeapSize                              = 8388608                                   {product} {ergonomic}
    uintx NonNMethodCodeHeapSize                   = 5839372                                {pd product} {ergonomic}
    uintx NonProfiledCodeHeapSize                  = 122909434                              {pd product} {ergonomic}
    uintx ProfiledCodeHeapSize                     = 122909434                              {pd product} {ergonomic}
    uintx ReservedCodeCacheSize                    = 251658240                              {pd product} {ergonomic}
     bool SegmentedCodeCache                       = true                                      {product} {ergonomic}
   size_t SoftMaxHeapSize                          = 2111832064                             {manageable} {ergonomic}
     bool UseCompressedClassPointers               = true                                 {lp64_product} {ergonomic}
     bool UseCompressedOops                        = true                                 {lp64_product} {ergonomic}
     bool UseG1GC                                  = true                                      {product} {ergonomic}
     bool UseLargePagesIndividualAllocation        = false                                  {pd product} {ergonomic}

Logging:
Log output configuration:
 #0: stdout all=warning uptime,level,tags
 #1: stderr all=off uptime,level,tags

Environment Variables:
PATH=C:\Windows\system32;C:\Windows;C:\Windows\System32\Wbem;C:\Windows\System32\WindowsPowerShell\v1.0\;C:\Windows\System32\OpenSSH\;C:\Program Files\NVIDIA Corporation\NVIDIA NvDLISR;C:\Program Files (x86)\Windows Kits\8.1\Windows Performance Toolkit\;C:\Program Files\dotnet\;C:\Program Files\nodejs\;C:\WINDOWS\system32;C:\WINDOWS;C:\WINDOWS\System32\Wbem;C:\WINDOWS\System32\WindowsPowerShell\v1.0\;C:\WINDOWS\System32\OpenSSH\;C:\Program Files\Git\cmd;C:\Users\Angel\AppData\Local\Microsoft\WindowsApps;C:\Users\Angel\AppData\Roaming\npm;C:\Users\Angel\AppData\Local\atom\bin;C:\Users\Angel\AppData\Local\Microsoft\WindowsApps;C:\Users\Angel\AppData\Local\GitHubDesktop\bin
USERNAME=Angel
OS=Windows_NT
PROCESSOR_IDENTIFIER=Intel64 Family 6 Model 158 Stepping 10, GenuineIntel



---------------  S Y S T E M  ---------------

OS: Windows 10 , 64 bit Build 18362 (10.0.18362.1082)

CPU:total 8 (initial active 8) (4 cores per cpu, 2 threads per core) family 6 model 158 stepping 10, cmov, cx8, fxsr, mmx, sse, sse2, sse3, ssse3, sse4.1, sse4.2, popcnt, avx, avx2, aes, clmul, erms, 3dnowpref, lzcnt, ht, tsc, tscinvbit, bmi1, bmi2, adx, fma

Memory: 4k page, system-wide physical 8052M (1109M free)
TotalPageFile size 13240M (AvailPageFile size 54M)
current process WorkingSet (physical memory assigned to process): 10M, peak: 10M
current process commit charge ("private bytes"): 60M, peak: 186M

vm_info: Java HotSpot(TM) 64-Bit Server VM (13.0.2+8) for windows-amd64 JRE (13.0.2+8), built on Dec 11 2019 09:20:33 by "mach5one" with unknown MS VC++:1916

END.
